2025-06-04 00:03:55,766 - INFO - Orpheus.Charts.DataCollector - Collected SPY minute prices for the past 245 days for a total of 64772
2025-06-04 00:05:26,787 - INFO - Orpheus.Charts.DataCollector - Collected SPY minute prices for the past 5 days for a total of 1170
2025-06-04 00:14:21,486 - INFO - Orpheus.Charts.DataCollector - Collected SPY minute prices for the past 5 days for a total of 1170
2025-06-04 00:27:01,781 - INFO - Orpheus.Charts.DataCollector - Collected SPY daily prices for a total of 2513 entries
2025-06-04 00:29:55,588 - INFO - Orpheus.Charts.DataCollector - Collected SPY daily prices for a total of 2513 entries
2025-06-04 00:29:55,746 - INFO - Orpheus.Charts.DatabaseConnection - Data insert into stocks.candle successful.
2025-06-04 00:34:16,648 - INFO - Orpheus.Charts.DataCollector - Collected SPY minute prices for the past 5 days for a total of 1170
2025-06-04 00:34:26,086 - INFO - Orpheus.Charts.DataCollector - Collected SPY minute prices for the past 5 days for a total of 1170
2025-06-04 00:34:26,335 - INFO - Orpheus.Charts.DatabaseConnection - Data insert into stocks.candle successful.
2025-06-04 00:36:13,905 - INFO - Orpheus.Charts.DataCollector - Collected SPY minute prices for the past 5 days for a total of 1170
2025-06-04 00:36:14,118 - INFO - Orpheus.Charts.DatabaseConnection - Data insert into stocks.candle successful.
2025-06-04 00:37:33,323 - INFO - Orpheus.Charts.DataCollector - Collected SPY daily prices for a total of 2513 entries
2025-06-04 00:37:37,646 - INFO - Orpheus.Charts.DatabaseConnection - Data insert into stocks.candle successful.
2025-06-04 00:38:28,102 - INFO - Orpheus.Charts.DataCollector - Collected AAPL minute prices for the past 5 days for a total of 1170
2025-06-04 00:38:28,225 - INFO - Orpheus.Charts.DatabaseConnection - Data insert into stocks.candle successful.
2025-06-04 00:38:28,426 - INFO - Orpheus.Charts.DataCollector - Collected AAPL daily prices for a total of 2513 entries
2025-06-04 00:38:29,425 - INFO - Orpheus.Charts.DatabaseConnection - Data insert into stocks.candle successful.
2025-06-04 00:38:59,962 - INFO - Orpheus.Charts.DataCollector - Collected AAPL minute prices for the past 5 days for a total of 1170
2025-06-04 00:39:00,044 - INFO - Orpheus.Charts.DatabaseConnection - Inserted 1169 stock candle rows into stocks.candles
2025-06-04 00:39:00,262 - INFO - Orpheus.Charts.DataCollector - Collected AAPL daily prices for a total of 2513 entries
2025-06-04 00:39:01,177 - INFO - Orpheus.Charts.DatabaseConnection - Inserted 2513 stock candle rows into stocks.candles
2025-06-04 00:44:20,744 - INFO - Orpheus.Charts.DatabaseConnection - Retrieved 9877 rows of SPY from None to None at daily candle sticks
2025-06-04 00:46:44,142 - INFO - Orpheus.Charts.DatabaseConnection - Retrieved 6424 rows of SPY from 2020-01-01 to 2025-06-04 at daily candle sticks
2025-06-04 00:47:58,365 - INFO - Orpheus.Charts.DatabaseConnection - Retrieved 2650 rows of SPY from 2025-01-01 to 2025-06-04 at minute candle sticks
2025-06-04 00:48:13,815 - INFO - Orpheus.Charts.DatabaseConnection - Retrieved 4156 rows of SPY from 2023-01-01 to 2025-06-04 at minute candle sticks
2025-06-04 00:48:33,354 - INFO - Orpheus.Charts.DatabaseConnection - Retrieved 2650 rows of SPY from 2025-01-01 to 2025-06-04 at minute candle sticks
2025-06-04 00:52:31,994 - INFO - Orpheus.Charts.DatabaseConnection - Retrieved 2650 rows of SPY from 2025-01-01 to 2025-06-04 at minute candle sticks
2025-06-04 00:52:52,011 - INFO - Orpheus.Charts.DatabaseConnection - Retrieved 2650 rows of SPY from 2025-01-01 to 2025-06-04 at minute candle sticks
2025-06-04 00:56:27,192 - INFO - Orpheus.Charts.DataCollector - Collected AAPL minute prices for the past 245 days for a total of 64772
2025-06-04 00:56:36,847 - INFO - Orpheus.Charts.DatabaseConnection - Inserted 64771 stock candle rows into stocks.candles
2025-06-04 00:57:48,726 - INFO - Orpheus.Charts.DataCollector - Collected SPY minute prices for the past 245 days for a total of 64772
2025-06-04 00:57:57,746 - INFO - Orpheus.Charts.DatabaseConnection - Inserted 64771 stock candle rows into stocks.candles
2025-06-04 00:58:24,878 - INFO - Orpheus.Charts.DataCollector - Collected SPY minute prices for the past 245 days for a total of 64772
2025-06-04 00:58:34,892 - INFO - Orpheus.Charts.DatabaseConnection - Inserted 64771 stock candle rows into stocks.candles
2025-06-04 00:58:35,199 - INFO - Orpheus.Charts.DatabaseConnection - Retrieved 81430 rows of SPY from 2025-01-01 to 2025-06-04 at minute candle sticks
2025-06-04 00:59:51,184 - INFO - Orpheus.Charts.DatabaseConnection - Retrieved 6 rows of SPY from 2025-01-01 to 2025-06-04 at monthly candle sticks
2025-06-04 01:00:22,817 - INFO - Orpheus.Charts.DatabaseConnection - Retrieved 81430 rows of SPY from 2025-01-01 to 2025-06-04 at minute candle sticks
2025-06-04 01:00:40,361 - INFO - Orpheus.Charts.DatabaseConnection - Retrieved 81430 rows of SPY from 2025-01-01 to 2025-06-04 at minute candle sticks
