2025-12-23 03:46:45,116 - __main__ - INFO - Starting historical stock ingestion service
2025-12-23 03:46:45,118 - __main__ - ERROR - Failed to initialize service: name 'DatabaseConnection' is not defined
Traceback (most recent call last):
  File "/home/r/Workspace/Orpheus/Charts/ingest-historical/ingest_historical_stock.py", line 381, in initialize
    self.db = DatabaseConnection()
              ^^^^^^^^^^^^^^^^^^
NameError: name 'DatabaseConnection' is not defined
2025-12-23 21:20:49,578 - __main__ - INFO - Starting historical stock ingestion service
2025-12-23 21:20:49,581 - __main__ - ERROR - Failed to initialize service: name 'DatabaseConnection' is not defined
Traceback (most recent call last):
  File "/home/r/Workspace/Orpheus/Charts/ingest-historical/ingest_historical_stock.py", line 348, in initialize
    self.db = DatabaseConnection()
              ^^^^^^^^^^^^^^^^^^
NameError: name 'DatabaseConnection' is not defined
2026-01-26 17:48:18,343 - __main__ - INFO - Starting historical stock ingestion service
2026-01-26 17:48:18,345 - __main__ - ERROR - Failed to initialize service: name 'DatabaseConnection' is not defined
Traceback (most recent call last):
  File "/home/rodri/Documents/Workspace/Orpheus/Charts/ingest-historical/ingest_historical_stock.py", line 294, in initialize
    self.db = DatabaseConnection()
              ^^^^^^^^^^^^^^^^^^
NameError: name 'DatabaseConnection' is not defined
2026-01-26 17:48:45,465 - __main__ - INFO - Starting historical stock ingestion service
2026-01-26 17:48:45,467 - __main__ - ERROR - Failed to initialize service: name 'DatabaseConnection' is not defined
Traceback (most recent call last):
  File "/home/rodri/Documents/Workspace/Orpheus/Charts/ingest-historical/ingest_historical_stock.py", line 294, in initialize
    self.db = DatabaseConnection()
              ^^^^^^^^^^^^^^^^^^
NameError: name 'DatabaseConnection' is not defined
2026-01-26 17:48:47,705 - __main__ - INFO - Starting historical stock ingestion service
2026-01-26 17:48:47,708 - __main__ - ERROR - Failed to initialize service: name 'DatabaseConnection' is not defined
Traceback (most recent call last):
  File "/home/rodri/Documents/Workspace/Orpheus/Charts/ingest-historical/ingest_historical_stock.py", line 294, in initialize
    self.db = DatabaseConnection()
              ^^^^^^^^^^^^^^^^^^
NameError: name 'DatabaseConnection' is not defined
